2019-07-23 13:59:34 [scrapy.utils.log] INFO: Scrapy 1.6.0 started (bot: fangSpider)
2019-07-23 13:59:34 [scrapy.utils.log] INFO: Versions: lxml 4.3.4.0, libxml2 2.9.5, cssselect 1.0.3, parsel 1.5.1, w3lib 1.20.0, Twisted 19.2.1, Python 3.7.3 (v3.7.3:ef4ec6ed12, Mar 25 2019, 21:26:53) [MSC v.1916 32 bit (Intel)], pyOpenSSL 19.0.0 (OpenSSL 1.1.1c  28 May 2019), cryptography 2.7, Platform Windows-10-10.0.17134-SP0
2019-07-23 13:59:34 [scrapy.crawler] INFO: Overridden settings: {'BOT_NAME': 'fangSpider', 'DOWNLOAD_DELAY': 3, 'LOG_FILE': 'log/scrapy_2019_7_23_13_59_34.log', 'LOG_LEVEL': 'INFO', 'NEWSPIDER_MODULE': 'fangSpider.spiders', 'SPIDER_MODULES': ['fangSpider.spiders']}
2019-07-23 13:59:34 [scrapy.extensions.telnet] INFO: Telnet Password: bf80db6c1a021dc2
2019-07-23 13:59:34 [scrapy.middleware] INFO: Enabled extensions:
['scrapy.extensions.corestats.CoreStats',
 'scrapy.extensions.telnet.TelnetConsole',
 'scrapy.extensions.logstats.LogStats']
2019-07-23 13:59:34 [scrapy.middleware] INFO: Enabled downloader middlewares:
['scrapy.downloadermiddlewares.httpauth.HttpAuthMiddleware',
 'scrapy.downloadermiddlewares.downloadtimeout.DownloadTimeoutMiddleware',
 'scrapy.downloadermiddlewares.defaultheaders.DefaultHeadersMiddleware',
 'scrapy.downloadermiddlewares.useragent.UserAgentMiddleware',
 'fangSpider.middlewares.FangspiderDownloaderMiddleware',
 'scrapy.downloadermiddlewares.retry.RetryMiddleware',
 'scrapy.downloadermiddlewares.redirect.MetaRefreshMiddleware',
 'scrapy.downloadermiddlewares.httpcompression.HttpCompressionMiddleware',
 'scrapy.downloadermiddlewares.redirect.RedirectMiddleware',
 'scrapy.downloadermiddlewares.cookies.CookiesMiddleware',
 'scrapy.downloadermiddlewares.httpproxy.HttpProxyMiddleware',
 'scrapy.downloadermiddlewares.stats.DownloaderStats']
2019-07-23 13:59:34 [scrapy.middleware] INFO: Enabled spider middlewares:
['scrapy.spidermiddlewares.httperror.HttpErrorMiddleware',
 'scrapy.spidermiddlewares.offsite.OffsiteMiddleware',
 'fangSpider.middlewares.FangspiderSpiderMiddleware',
 'scrapy.spidermiddlewares.referer.RefererMiddleware',
 'scrapy.spidermiddlewares.urllength.UrlLengthMiddleware',
 'scrapy.spidermiddlewares.depth.DepthMiddleware']
2019-07-23 13:59:34 [scrapy.middleware] INFO: Enabled item pipelines:
['fangSpider.pipelines.FangspiderPipeline']
2019-07-23 13:59:34 [scrapy.core.engine] INFO: Spider opened
2019-07-23 13:59:34 [scrapy.extensions.logstats] INFO: Crawled 0 pages (at 0 pages/min), scraped 0 items (at 0 items/min)
2019-07-23 13:59:34 [fang_post] INFO: Spider opened: fang_post
2019-07-23 13:59:34 [fang_post] INFO: Spider opened: fang_post
2019-07-23 13:59:34 [scrapy.extensions.telnet] INFO: Telnet console listening on 127.0.0.1:6024
2019-07-23 13:59:34 [scrapy.core.scraper] ERROR: Spider error processing <GET https://wuhan.zu.fang.com/> (referer: None)
Traceback (most recent call last):
  File "c:\programs\python\python3\lib\site-packages\scrapy\utils\defer.py", line 102, in iter_errback
    yield next(it)
  File "c:\programs\python\python3\lib\site-packages\scrapy\spidermiddlewares\offsite.py", line 29, in process_spider_output
    for x in result:
  File "D:\workspace\python\scrapy\fangSpider\fangSpider\middlewares.py", line 35, in process_spider_output
    for i in result:
  File "c:\programs\python\python3\lib\site-packages\scrapy\spidermiddlewares\referer.py", line 339, in <genexpr>
    return (_set_referer(r) for r in result or ())
  File "c:\programs\python\python3\lib\site-packages\scrapy\spidermiddlewares\urllength.py", line 37, in <genexpr>
    return (r for r in result or () if _filter(r))
  File "c:\programs\python\python3\lib\site-packages\scrapy\spidermiddlewares\depth.py", line 58, in <genexpr>
    return (r for r in result or () if _filter(r))
  File "D:\workspace\python\scrapy\fangSpider\fangSpider\spiders\fang_post.py", line 24, in parse
    item['unit'] = house.xpath('normalize-space(p[2]/text)').extract_first().split('|')[1]
IndexError: list index out of range
2019-07-23 13:59:34 [scrapy.core.engine] INFO: Closing spider (finished)
2019-07-23 13:59:34 [scrapy.statscollectors] INFO: Dumping Scrapy stats:
{'downloader/request_bytes': 260,
 'downloader/request_count': 1,
 'downloader/request_method_count/GET': 1,
 'downloader/response_bytes': 40084,
 'downloader/response_count': 1,
 'downloader/response_status_count/200': 1,
 'finish_reason': 'finished',
 'finish_time': datetime.datetime(2019, 7, 23, 5, 59, 34, 996709),
 'log_count/ERROR': 1,
 'log_count/INFO': 11,
 'response_received_count': 1,
 'scheduler/dequeued': 1,
 'scheduler/dequeued/memory': 1,
 'scheduler/enqueued': 1,
 'scheduler/enqueued/memory': 1,
 'spider_exceptions/IndexError': 1,
 'start_time': datetime.datetime(2019, 7, 23, 5, 59, 34, 593421)}
2019-07-23 13:59:34 [scrapy.core.engine] INFO: Spider closed (finished)
