2019-07-23 14:05:06 [scrapy.utils.log] INFO: Scrapy 1.6.0 started (bot: fangSpider)
2019-07-23 14:05:06 [scrapy.utils.log] INFO: Versions: lxml 4.3.4.0, libxml2 2.9.5, cssselect 1.0.3, parsel 1.5.1, w3lib 1.20.0, Twisted 19.2.1, Python 3.7.3 (v3.7.3:ef4ec6ed12, Mar 25 2019, 21:26:53) [MSC v.1916 32 bit (Intel)], pyOpenSSL 19.0.0 (OpenSSL 1.1.1c  28 May 2019), cryptography 2.7, Platform Windows-10-10.0.17134-SP0
2019-07-23 14:05:06 [scrapy.crawler] INFO: Overridden settings: {'BOT_NAME': 'fangSpider', 'DOWNLOAD_DELAY': 3, 'LOG_FILE': 'log/scrapy_2019_7_23_14_5_6.log', 'LOG_LEVEL': 'INFO', 'NEWSPIDER_MODULE': 'fangSpider.spiders', 'SPIDER_MODULES': ['fangSpider.spiders']}
2019-07-23 14:05:06 [scrapy.extensions.telnet] INFO: Telnet Password: 6d6156be9d7f6fa0
2019-07-23 14:05:06 [scrapy.middleware] INFO: Enabled extensions:
['scrapy.extensions.corestats.CoreStats',
 'scrapy.extensions.telnet.TelnetConsole',
 'scrapy.extensions.logstats.LogStats']
2019-07-23 14:05:06 [scrapy.middleware] INFO: Enabled downloader middlewares:
['scrapy.downloadermiddlewares.httpauth.HttpAuthMiddleware',
 'scrapy.downloadermiddlewares.downloadtimeout.DownloadTimeoutMiddleware',
 'scrapy.downloadermiddlewares.defaultheaders.DefaultHeadersMiddleware',
 'scrapy.downloadermiddlewares.useragent.UserAgentMiddleware',
 'fangSpider.middlewares.FangspiderDownloaderMiddleware',
 'scrapy.downloadermiddlewares.retry.RetryMiddleware',
 'scrapy.downloadermiddlewares.redirect.MetaRefreshMiddleware',
 'scrapy.downloadermiddlewares.httpcompression.HttpCompressionMiddleware',
 'scrapy.downloadermiddlewares.redirect.RedirectMiddleware',
 'scrapy.downloadermiddlewares.cookies.CookiesMiddleware',
 'scrapy.downloadermiddlewares.httpproxy.HttpProxyMiddleware',
 'scrapy.downloadermiddlewares.stats.DownloaderStats']
2019-07-23 14:05:06 [scrapy.middleware] INFO: Enabled spider middlewares:
['scrapy.spidermiddlewares.httperror.HttpErrorMiddleware',
 'scrapy.spidermiddlewares.offsite.OffsiteMiddleware',
 'fangSpider.middlewares.FangspiderSpiderMiddleware',
 'scrapy.spidermiddlewares.referer.RefererMiddleware',
 'scrapy.spidermiddlewares.urllength.UrlLengthMiddleware',
 'scrapy.spidermiddlewares.depth.DepthMiddleware']
2019-07-23 14:05:06 [scrapy.middleware] INFO: Enabled item pipelines:
['fangSpider.pipelines.FangspiderPipeline']
2019-07-23 14:05:06 [scrapy.core.engine] INFO: Spider opened
2019-07-23 14:05:06 [scrapy.extensions.logstats] INFO: Crawled 0 pages (at 0 pages/min), scraped 0 items (at 0 items/min)
2019-07-23 14:05:06 [fang_post] INFO: Spider opened: fang_post
2019-07-23 14:05:06 [fang_post] INFO: Spider opened: fang_post
2019-07-23 14:05:06 [scrapy.extensions.telnet] INFO: Telnet console listening on 127.0.0.1:6024
2019-07-23 14:06:06 [scrapy.extensions.logstats] INFO: Crawled 9 pages (at 9 pages/min), scraped 60 items (at 60 items/min)
2019-07-23 14:07:06 [scrapy.extensions.logstats] INFO: Crawled 18 pages (at 9 pages/min), scraped 60 items (at 0 items/min)
2019-07-23 14:08:06 [scrapy.extensions.logstats] INFO: Crawled 26 pages (at 8 pages/min), scraped 60 items (at 0 items/min)
2019-07-23 14:09:06 [scrapy.extensions.logstats] INFO: Crawled 34 pages (at 8 pages/min), scraped 60 items (at 0 items/min)
2019-07-23 14:10:06 [scrapy.extensions.logstats] INFO: Crawled 42 pages (at 8 pages/min), scraped 60 items (at 0 items/min)
2019-07-23 14:11:06 [scrapy.extensions.logstats] INFO: Crawled 50 pages (at 8 pages/min), scraped 60 items (at 0 items/min)
2019-07-23 14:12:06 [scrapy.extensions.logstats] INFO: Crawled 58 pages (at 8 pages/min), scraped 60 items (at 0 items/min)
2019-07-23 14:13:06 [scrapy.extensions.logstats] INFO: Crawled 66 pages (at 8 pages/min), scraped 60 items (at 0 items/min)
2019-07-23 14:14:06 [scrapy.extensions.logstats] INFO: Crawled 74 pages (at 8 pages/min), scraped 60 items (at 0 items/min)
2019-07-23 14:15:06 [scrapy.extensions.logstats] INFO: Crawled 82 pages (at 8 pages/min), scraped 60 items (at 0 items/min)
2019-07-23 14:16:06 [scrapy.extensions.logstats] INFO: Crawled 91 pages (at 9 pages/min), scraped 60 items (at 0 items/min)
2019-07-23 14:17:06 [scrapy.extensions.logstats] INFO: Crawled 99 pages (at 8 pages/min), scraped 60 items (at 0 items/min)
2019-07-23 14:17:14 [scrapy.core.engine] INFO: Closing spider (finished)
2019-07-23 14:17:14 [scrapy.statscollectors] INFO: Dumping Scrapy stats:
{'downloader/request_bytes': 101808,
 'downloader/request_count': 201,
 'downloader/request_method_count/GET': 201,
 'downloader/response_bytes': 1803428,
 'downloader/response_count': 201,
 'downloader/response_status_count/200': 101,
 'downloader/response_status_count/302': 100,
 'finish_reason': 'finished',
 'finish_time': datetime.datetime(2019, 7, 23, 6, 17, 14, 707306),
 'item_scraped_count': 60,
 'log_count/INFO': 23,
 'request_depth_max': 100,
 'response_received_count': 101,
 'scheduler/dequeued': 201,
 'scheduler/dequeued/memory': 201,
 'scheduler/enqueued': 201,
 'scheduler/enqueued/memory': 201,
 'start_time': datetime.datetime(2019, 7, 23, 6, 5, 6, 574844)}
2019-07-23 14:17:14 [scrapy.core.engine] INFO: Spider closed (finished)
